<?xml version="1.0" encoding="UTF-8"?>
<!-- Generated by org.testng.reporters.JUnitReportReporter -->
<testsuite hostname="DESKTOP-4R56I8I" failures="0" tests="1" name="com.itlearn.testcases.LoginTest" time="2.289" errors="0" timestamp="2024-09-04T16:32:07 IST" skipped="0">
  <testcase classname="com.itlearn.testcases.LoginTest" name="verifyLogin" time="2.289"/>
</testsuite> <!-- com.itlearn.testcases.LoginTest -->
