<?xml version="1.0" encoding="UTF-8"?>
<!-- Generated by org.testng.reporters.JUnitReportReporter -->
<testsuite hostname="DESKTOP-4R56I8I" failures="0" tests="1" name="com.itlearn.testcases.TestCaseDemo" time="0.014" errors="0" timestamp="2024-09-04T15:27:19 IST" skipped="0">
  <testcase classname="com.itlearn.testcases.TestCaseDemo" name="testcheck" time="0.014"/>
</testsuite> <!-- com.itlearn.testcases.TestCaseDemo -->
